[debug] [2017-08-24T21:19:46.679Z] ----------------------------------------------------------------------
[debug] [2017-08-24T21:19:46.685Z] Command:       /usr/bin/nodejs /usr/bin/firebase init
[debug] [2017-08-24T21:19:46.686Z] CLI Version:   3.9.2
[debug] [2017-08-24T21:19:46.687Z] Platform:      linux
[debug] [2017-08-24T21:19:46.687Z] Node Version:  v6.11.2
[debug] [2017-08-24T21:19:46.687Z] Time:          Thu Aug 24 2017 17:19:46 GMT-0400 (VET)
[debug] [2017-08-24T21:19:46.687Z] ----------------------------------------------------------------------
[debug] 
[debug] [2017-08-24T21:19:46.709Z] > command requires scopes: ["email","openid","https://www.googleapis.com/auth/cloudplatformprojects.readonly","https://www.googleapis.com/auth/firebase"]
[debug] [2017-08-24T21:19:46.710Z] > authorizing via signed-in user
[info] 
     ######## #### ########  ######## ########     ###     ######  ########
     ##        ##  ##     ## ##       ##     ##  ##   ##  ##       ##
     ######    ##  ########  ######   ########  #########  ######  ######
     ##        ##  ##    ##  ##       ##     ## ##     ##       ## ##
     ##       #### ##     ## ######## ########  ##     ##  ######  ########

You're about to initialize a Firebase project in this directory:

  /var/www/html/weather

Before we get started, keep in mind:

  * You are currently outside your home directory

[info] 
=== Project Setup
[info] 
[info] First, let's associate this project directory with a Firebase project.
[info] You can create multiple project aliases by running firebase use --add, 
[info] but for now we'll just set up a default project.
[info] 
[debug] [2017-08-24T21:19:54.373Z] > refreshing access token with scopes: ["email","https://www.googleapis.com/auth/cloudplatformprojects.readonly","https://www.googleapis.com/auth/firebase","openid"]
[debug] [2017-08-24T21:19:54.374Z] >>> HTTP REQUEST POST https://www.googleapis.com/oauth2/v3/token { refresh_token: '1/am1UiTX9034bkB3QznhS1GaDHSQuGGaW1Z9-svgwo7Q',
  client_id: '563584335869-fgrhgmd47bqnekij5i8b5pr03ho849e6.apps.googleusercontent.com',
  client_secret: 'j9iVZfS8kkCEFUPaAeJV0sAi',
  grant_type: 'refresh_token',
  scope: 'email https://www.googleapis.com/auth/cloudplatformprojects.readonly https://www.googleapis.com/auth/firebase openid' } 
 Thu Aug 24 2017 17:19:54 GMT-0400 (VET)
[debug] [2017-08-24T21:19:55.418Z] <<< HTTP RESPONSE 200
[debug] [2017-08-24T21:19:55.485Z] >>> HTTP REQUEST GET https://admin.firebase.com/v1/projects  
 Thu Aug 24 2017 17:19:55 GMT-0400 (VET)
[debug] [2017-08-24T21:19:57.615Z] <<< HTTP RESPONSE 200
[info] 
=== Hosting Setup
[info] 
[info] Your public directory is the folder (relative to your project directory) that
[info] will contain Hosting assets to be uploaded with firebase deploy. If you
[info] have a build process for your assets, use your build's output directory.
[info] 
